<?xml version="1.0" encoding="UTF-8"?>
<testsuite xmlns:xsi="http://www.w3.org/2001/XMLSchema-instance" xsi:noNamespaceSchemaLocation="https://maven.apache.org/surefire/maven-surefire-plugin/xsd/surefire-test-report.xsd" name="pl.put.hyperledgerapp.ClientTest" time="0.471" tests="1" errors="1" skipped="0" failures="0">
  <properties>
    <property name="sun.desktop" value="gnome"/>
    <property name="awt.toolkit" value="sun.awt.X11.XToolkit"/>
    <property name="file.encoding.pkg" value="sun.io"/>
    <property name="java.specification.version" value="1.8"/>
    <property name="sun.cpu.isalist" value=""/>
    <property name="sun.jnu.encoding" value="UTF-8"/>
    <property name="java.class.path" value="/home/marcin/IdeaProjects/HyperLedgerAPI/target/test-classes:/home/marcin/IdeaProjects/HyperLedgerAPI/target/classes:/home/marcin/.m2/repository/org/hyperledger/fabric/fabric-gateway-java/2.1.1/fabric-gateway-java-2.1.1.jar:/home/marcin/.m2/repository/org/hyperledger/fabric-sdk-java/fabric-sdk-java/2.1.1/fabric-sdk-java-2.1.1.jar:/home/marcin/.m2/repository/io/grpc/grpc-netty/1.23.0/grpc-netty-1.23.0.jar:/home/marcin/.m2/repository/io/grpc/grpc-core/1.23.0/grpc-core-1.23.0.jar:/home/marcin/.m2/repository/com/google/android/annotations/4.1.1.4/annotations-4.1.1.4.jar:/home/marcin/.m2/repository/io/perfmark/perfmark-api/0.17.0/perfmark-api-0.17.0.jar:/home/marcin/.m2/repository/io/opencensus/opencensus-api/0.21.0/opencensus-api-0.21.0.jar:/home/marcin/.m2/repository/io/opencensus/opencensus-contrib-grpc-metrics/0.21.0/opencensus-contrib-grpc-metrics-0.21.0.jar:/home/marcin/.m2/repository/io/netty/netty-codec-http2/4.1.38.Final/netty-codec-http2-4.1.38.Final.jar:/home/marcin/.m2/repository/io/netty/netty-common/4.1.38.Final/netty-common-4.1.38.Final.jar:/home/marcin/.m2/repository/io/netty/netty-buffer/4.1.38.Final/netty-buffer-4.1.38.Final.jar:/home/marcin/.m2/repository/io/netty/netty-transport/4.1.38.Final/netty-transport-4.1.38.Final.jar:/home/marcin/.m2/repository/io/netty/netty-resolver/4.1.38.Final/netty-resolver-4.1.38.Final.jar:/home/marcin/.m2/repository/io/netty/netty-codec/4.1.38.Final/netty-codec-4.1.38.Final.jar:/home/marcin/.m2/repository/io/netty/netty-handler/4.1.38.Final/netty-handler-4.1.38.Final.jar:/home/marcin/.m2/repository/io/netty/netty-codec-http/4.1.38.Final/netty-codec-http-4.1.38.Final.jar:/home/marcin/.m2/repository/io/netty/netty-handler-proxy/4.1.38.Final/netty-handler-proxy-4.1.38.Final.jar:/home/marcin/.m2/repository/io/netty/netty-codec-socks/4.1.38.Final/netty-codec-socks-4.1.38.Final.jar:/home/marcin/.m2/repository/io/grpc/grpc-protobuf/1.23.0/grpc-protobuf-1.23.0.jar:/home/marcin/.m2/repository/io/grpc/grpc-api/1.23.0/grpc-api-1.23.0.jar:/home/marcin/.m2/repository/io/grpc/grpc-context/1.23.0/grpc-context-1.23.0.jar:/home/marcin/.m2/repository/org/codehaus/mojo/animal-sniffer-annotations/1.17/animal-sniffer-annotations-1.17.jar:/home/marcin/.m2/repository/com/google/guava/guava/26.0-android/guava-26.0-android.jar:/home/marcin/.m2/repository/org/checkerframework/checker-compat-qual/2.5.2/checker-compat-qual-2.5.2.jar:/home/marcin/.m2/repository/com/google/j2objc/j2objc-annotations/1.1/j2objc-annotations-1.1.jar:/home/marcin/.m2/repository/com/google/api/grpc/proto-google-common-protos/1.12.0/proto-google-common-protos-1.12.0.jar:/home/marcin/.m2/repository/io/grpc/grpc-protobuf-lite/1.23.0/grpc-protobuf-lite-1.23.0.jar:/home/marcin/.m2/repository/io/grpc/grpc-stub/1.23.0/grpc-stub-1.23.0.jar:/home/marcin/.m2/repository/io/netty/netty-tcnative-boringssl-static/2.0.30.Final/netty-tcnative-boringssl-static-2.0.30.Final.jar:/home/marcin/.m2/repository/com/google/protobuf/protobuf-java/3.10.0/protobuf-java-3.10.0.jar:/home/marcin/.m2/repository/com/google/protobuf/protobuf-java-util/3.10.0/protobuf-java-util-3.10.0.jar:/home/marcin/.m2/repository/com/google/errorprone/error_prone_annotations/2.3.2/error_prone_annotations-2.3.2.jar:/home/marcin/.m2/repository/org/bouncycastle/bcpkix-jdk15on/1.62/bcpkix-jdk15on-1.62.jar:/home/marcin/.m2/repository/org/bouncycastle/bcprov-jdk15on/1.62/bcprov-jdk15on-1.62.jar:/home/marcin/.m2/repository/commons-logging/commons-logging/1.2/commons-logging-1.2.jar:/home/marcin/.m2/repository/commons-cli/commons-cli/1.4/commons-cli-1.4.jar:/home/marcin/.m2/repository/org/apache/commons/commons-compress/1.20/commons-compress-1.20.jar:/home/marcin/.m2/repository/commons-io/commons-io/2.6/commons-io-2.6.jar:/home/marcin/.m2/repository/log4j/log4j/1.2.17/log4j-1.2.17.jar:/home/marcin/.m2/repository/log4j/apache-log4j-extras/1.2.17/apache-log4j-extras-1.2.17.jar:/home/marcin/.m2/repository/org/apache/httpcomponents/httpclient/4.5.12/httpclient-4.5.12.jar:/home/marcin/.m2/repository/org/apache/httpcomponents/httpcore/4.4.13/httpcore-4.4.13.jar:/home/marcin/.m2/repository/com/spotify/futures-extra/4.2.0/futures-extra-4.2.0.jar:/home/marcin/.m2/repository/com/google/api/api-common/1.9.0/api-common-1.9.0.jar:/home/marcin/.m2/repository/com/google/code/findbugs/jsr305/3.0.2/jsr305-3.0.2.jar:/home/marcin/.m2/repository/com/google/auto/value/auto-value-annotations/1.7/auto-value-annotations-1.7.jar:/home/marcin/.m2/repository/org/glassfish/javax.json/1.1.4/javax.json-1.1.4.jar:/home/marcin/.m2/repository/org/yaml/snakeyaml/1.26/snakeyaml-1.26.jar:/home/marcin/.m2/repository/org/miracl/milagro/amcl/milagro-crypto-java/0.4.0/milagro-crypto-java-0.4.0.jar:/home/marcin/.m2/repository/org/apache/commons/commons-math3/3.6.1/commons-math3-3.6.1.jar:/home/marcin/.m2/repository/javax/xml/bind/jaxb-api/2.3.1/jaxb-api-2.3.1.jar:/home/marcin/.m2/repository/javax/activation/javax.activation-api/1.2.0/javax.activation-api-1.2.0.jar:/home/marcin/.m2/repository/javax/annotation/javax.annotation-api/1.3.2/javax.annotation-api-1.3.2.jar:/home/marcin/.m2/repository/com/cloudant/cloudant-client/2.19.0/cloudant-client-2.19.0.jar:/home/marcin/.m2/repository/com/google/code/gson/gson/2.8.2/gson-2.8.2.jar:/home/marcin/.m2/repository/commons-codec/commons-codec/1.6/commons-codec-1.6.jar:/home/marcin/.m2/repository/com/cloudant/cloudant-http/2.19.0/cloudant-http-2.19.0.jar:/home/marcin/.m2/repository/org/junit/platform/junit-platform-launcher/1.4.2/junit-platform-launcher-1.4.2.jar:/home/marcin/.m2/repository/org/apiguardian/apiguardian-api/1.0.0/apiguardian-api-1.0.0.jar:/home/marcin/.m2/repository/org/junit/platform/junit-platform-engine/1.4.2/junit-platform-engine-1.4.2.jar:/home/marcin/.m2/repository/org/opentest4j/opentest4j/1.1.1/opentest4j-1.1.1.jar:/home/marcin/.m2/repository/org/junit/platform/junit-platform-commons/1.4.2/junit-platform-commons-1.4.2.jar:/home/marcin/.m2/repository/org/junit/jupiter/junit-jupiter-engine/5.4.1/junit-jupiter-engine-5.4.1.jar:/home/marcin/.m2/repository/org/junit/jupiter/junit-jupiter-api/5.4.1/junit-jupiter-api-5.4.1.jar:/home/marcin/.m2/repository/org/junit/vintage/junit-vintage-engine/5.4.2/junit-vintage-engine-5.4.2.jar:/home/marcin/.m2/repository/junit/junit/4.12/junit-4.12.jar:/home/marcin/.m2/repository/org/hamcrest/hamcrest-core/1.3/hamcrest-core-1.3.jar:/home/marcin/.m2/repository/org/assertj/assertj-core/3.12.2/assertj-core-3.12.2.jar:"/>
    <property name="java.vm.vendor" value="Private Build"/>
    <property name="sun.arch.data.model" value="64"/>
    <property name="java.vendor.url" value="http://java.oracle.com/"/>
    <property name="user.timezone" value=""/>
    <property name="java.vm.specification.version" value="1.8"/>
    <property name="os.name" value="Linux"/>
    <property name="user.country" value="US"/>
    <property name="sun.java.launcher" value="SUN_STANDARD"/>
    <property name="sun.boot.library.path" value="/usr/lib/jvm/java-8-openjdk-amd64/jre/lib/amd64"/>
    <property name="sun.java.command" value="/home/marcin/IdeaProjects/HyperLedgerAPI/target/surefire/surefirebooter1220628056414303584.jar /home/marcin/IdeaProjects/HyperLedgerAPI/target/surefire 2020-09-17T11-51-07_205-jvmRun1 surefire6587005331141919826tmp surefire_04073585347831851264tmp"/>
    <property name="surefire.test.class.path" value="/home/marcin/IdeaProjects/HyperLedgerAPI/target/test-classes:/home/marcin/IdeaProjects/HyperLedgerAPI/target/classes:/home/marcin/.m2/repository/org/hyperledger/fabric/fabric-gateway-java/2.1.1/fabric-gateway-java-2.1.1.jar:/home/marcin/.m2/repository/org/hyperledger/fabric-sdk-java/fabric-sdk-java/2.1.1/fabric-sdk-java-2.1.1.jar:/home/marcin/.m2/repository/io/grpc/grpc-netty/1.23.0/grpc-netty-1.23.0.jar:/home/marcin/.m2/repository/io/grpc/grpc-core/1.23.0/grpc-core-1.23.0.jar:/home/marcin/.m2/repository/com/google/android/annotations/4.1.1.4/annotations-4.1.1.4.jar:/home/marcin/.m2/repository/io/perfmark/perfmark-api/0.17.0/perfmark-api-0.17.0.jar:/home/marcin/.m2/repository/io/opencensus/opencensus-api/0.21.0/opencensus-api-0.21.0.jar:/home/marcin/.m2/repository/io/opencensus/opencensus-contrib-grpc-metrics/0.21.0/opencensus-contrib-grpc-metrics-0.21.0.jar:/home/marcin/.m2/repository/io/netty/netty-codec-http2/4.1.38.Final/netty-codec-http2-4.1.38.Final.jar:/home/marcin/.m2/repository/io/netty/netty-common/4.1.38.Final/netty-common-4.1.38.Final.jar:/home/marcin/.m2/repository/io/netty/netty-buffer/4.1.38.Final/netty-buffer-4.1.38.Final.jar:/home/marcin/.m2/repository/io/netty/netty-transport/4.1.38.Final/netty-transport-4.1.38.Final.jar:/home/marcin/.m2/repository/io/netty/netty-resolver/4.1.38.Final/netty-resolver-4.1.38.Final.jar:/home/marcin/.m2/repository/io/netty/netty-codec/4.1.38.Final/netty-codec-4.1.38.Final.jar:/home/marcin/.m2/repository/io/netty/netty-handler/4.1.38.Final/netty-handler-4.1.38.Final.jar:/home/marcin/.m2/repository/io/netty/netty-codec-http/4.1.38.Final/netty-codec-http-4.1.38.Final.jar:/home/marcin/.m2/repository/io/netty/netty-handler-proxy/4.1.38.Final/netty-handler-proxy-4.1.38.Final.jar:/home/marcin/.m2/repository/io/netty/netty-codec-socks/4.1.38.Final/netty-codec-socks-4.1.38.Final.jar:/home/marcin/.m2/repository/io/grpc/grpc-protobuf/1.23.0/grpc-protobuf-1.23.0.jar:/home/marcin/.m2/repository/io/grpc/grpc-api/1.23.0/grpc-api-1.23.0.jar:/home/marcin/.m2/repository/io/grpc/grpc-context/1.23.0/grpc-context-1.23.0.jar:/home/marcin/.m2/repository/org/codehaus/mojo/animal-sniffer-annotations/1.17/animal-sniffer-annotations-1.17.jar:/home/marcin/.m2/repository/com/google/guava/guava/26.0-android/guava-26.0-android.jar:/home/marcin/.m2/repository/org/checkerframework/checker-compat-qual/2.5.2/checker-compat-qual-2.5.2.jar:/home/marcin/.m2/repository/com/google/j2objc/j2objc-annotations/1.1/j2objc-annotations-1.1.jar:/home/marcin/.m2/repository/com/google/api/grpc/proto-google-common-protos/1.12.0/proto-google-common-protos-1.12.0.jar:/home/marcin/.m2/repository/io/grpc/grpc-protobuf-lite/1.23.0/grpc-protobuf-lite-1.23.0.jar:/home/marcin/.m2/repository/io/grpc/grpc-stub/1.23.0/grpc-stub-1.23.0.jar:/home/marcin/.m2/repository/io/netty/netty-tcnative-boringssl-static/2.0.30.Final/netty-tcnative-boringssl-static-2.0.30.Final.jar:/home/marcin/.m2/repository/com/google/protobuf/protobuf-java/3.10.0/protobuf-java-3.10.0.jar:/home/marcin/.m2/repository/com/google/protobuf/protobuf-java-util/3.10.0/protobuf-java-util-3.10.0.jar:/home/marcin/.m2/repository/com/google/errorprone/error_prone_annotations/2.3.2/error_prone_annotations-2.3.2.jar:/home/marcin/.m2/repository/org/bouncycastle/bcpkix-jdk15on/1.62/bcpkix-jdk15on-1.62.jar:/home/marcin/.m2/repository/org/bouncycastle/bcprov-jdk15on/1.62/bcprov-jdk15on-1.62.jar:/home/marcin/.m2/repository/commons-logging/commons-logging/1.2/commons-logging-1.2.jar:/home/marcin/.m2/repository/commons-cli/commons-cli/1.4/commons-cli-1.4.jar:/home/marcin/.m2/repository/org/apache/commons/commons-compress/1.20/commons-compress-1.20.jar:/home/marcin/.m2/repository/commons-io/commons-io/2.6/commons-io-2.6.jar:/home/marcin/.m2/repository/log4j/log4j/1.2.17/log4j-1.2.17.jar:/home/marcin/.m2/repository/log4j/apache-log4j-extras/1.2.17/apache-log4j-extras-1.2.17.jar:/home/marcin/.m2/repository/org/apache/httpcomponents/httpclient/4.5.12/httpclient-4.5.12.jar:/home/marcin/.m2/repository/org/apache/httpcomponents/httpcore/4.4.13/httpcore-4.4.13.jar:/home/marcin/.m2/repository/com/spotify/futures-extra/4.2.0/futures-extra-4.2.0.jar:/home/marcin/.m2/repository/com/google/api/api-common/1.9.0/api-common-1.9.0.jar:/home/marcin/.m2/repository/com/google/code/findbugs/jsr305/3.0.2/jsr305-3.0.2.jar:/home/marcin/.m2/repository/com/google/auto/value/auto-value-annotations/1.7/auto-value-annotations-1.7.jar:/home/marcin/.m2/repository/org/glassfish/javax.json/1.1.4/javax.json-1.1.4.jar:/home/marcin/.m2/repository/org/yaml/snakeyaml/1.26/snakeyaml-1.26.jar:/home/marcin/.m2/repository/org/miracl/milagro/amcl/milagro-crypto-java/0.4.0/milagro-crypto-java-0.4.0.jar:/home/marcin/.m2/repository/org/apache/commons/commons-math3/3.6.1/commons-math3-3.6.1.jar:/home/marcin/.m2/repository/javax/xml/bind/jaxb-api/2.3.1/jaxb-api-2.3.1.jar:/home/marcin/.m2/repository/javax/activation/javax.activation-api/1.2.0/javax.activation-api-1.2.0.jar:/home/marcin/.m2/repository/javax/annotation/javax.annotation-api/1.3.2/javax.annotation-api-1.3.2.jar:/home/marcin/.m2/repository/com/cloudant/cloudant-client/2.19.0/cloudant-client-2.19.0.jar:/home/marcin/.m2/repository/com/google/code/gson/gson/2.8.2/gson-2.8.2.jar:/home/marcin/.m2/repository/commons-codec/commons-codec/1.6/commons-codec-1.6.jar:/home/marcin/.m2/repository/com/cloudant/cloudant-http/2.19.0/cloudant-http-2.19.0.jar:/home/marcin/.m2/repository/org/junit/platform/junit-platform-launcher/1.4.2/junit-platform-launcher-1.4.2.jar:/home/marcin/.m2/repository/org/apiguardian/apiguardian-api/1.0.0/apiguardian-api-1.0.0.jar:/home/marcin/.m2/repository/org/junit/platform/junit-platform-engine/1.4.2/junit-platform-engine-1.4.2.jar:/home/marcin/.m2/repository/org/opentest4j/opentest4j/1.1.1/opentest4j-1.1.1.jar:/home/marcin/.m2/repository/org/junit/platform/junit-platform-commons/1.4.2/junit-platform-commons-1.4.2.jar:/home/marcin/.m2/repository/org/junit/jupiter/junit-jupiter-engine/5.4.1/junit-jupiter-engine-5.4.1.jar:/home/marcin/.m2/repository/org/junit/jupiter/junit-jupiter-api/5.4.1/junit-jupiter-api-5.4.1.jar:/home/marcin/.m2/repository/org/junit/vintage/junit-vintage-engine/5.4.2/junit-vintage-engine-5.4.2.jar:/home/marcin/.m2/repository/junit/junit/4.12/junit-4.12.jar:/home/marcin/.m2/repository/org/hamcrest/hamcrest-core/1.3/hamcrest-core-1.3.jar:/home/marcin/.m2/repository/org/assertj/assertj-core/3.12.2/assertj-core-3.12.2.jar:"/>
    <property name="sun.cpu.endian" value="little"/>
    <property name="user.home" value="/home/marcin"/>
    <property name="user.language" value="en"/>
    <property name="java.specification.vendor" value="Oracle Corporation"/>
    <property name="java.home" value="/usr/lib/jvm/java-8-openjdk-amd64/jre"/>
    <property name="basedir" value="/home/marcin/IdeaProjects/HyperLedgerAPI"/>
    <property name="file.separator" value="/"/>
    <property name="line.separator" value="&#10;"/>
    <property name="java.vm.specification.vendor" value="Oracle Corporation"/>
    <property name="java.specification.name" value="Java Platform API Specification"/>
    <property name="java.awt.graphicsenv" value="sun.awt.X11GraphicsEnvironment"/>
    <property name="surefire.real.class.path" value="/home/marcin/IdeaProjects/HyperLedgerAPI/target/surefire/surefirebooter1220628056414303584.jar"/>
    <property name="sun.boot.class.path" value="/usr/lib/jvm/java-8-openjdk-amd64/jre/lib/resources.jar:/usr/lib/jvm/java-8-openjdk-amd64/jre/lib/rt.jar:/usr/lib/jvm/java-8-openjdk-amd64/jre/lib/sunrsasign.jar:/usr/lib/jvm/java-8-openjdk-amd64/jre/lib/jsse.jar:/usr/lib/jvm/java-8-openjdk-amd64/jre/lib/jce.jar:/usr/lib/jvm/java-8-openjdk-amd64/jre/lib/charsets.jar:/usr/lib/jvm/java-8-openjdk-amd64/jre/lib/jfr.jar:/usr/lib/jvm/java-8-openjdk-amd64/jre/classes"/>
    <property name="sun.management.compiler" value="HotSpot 64-Bit Tiered Compilers"/>
    <property name="java.runtime.version" value="1.8.0_265-8u265-b01-0ubuntu2~20.04-b01"/>
    <property name="user.name" value="marcin"/>
    <property name="path.separator" value=":"/>
    <property name="os.version" value="5.4.0-40-generic"/>
    <property name="java.endorsed.dirs" value="/usr/lib/jvm/java-8-openjdk-amd64/jre/lib/endorsed"/>
    <property name="java.runtime.name" value="OpenJDK Runtime Environment"/>
    <property name="file.encoding" value="UTF-8"/>
    <property name="java.vm.name" value="OpenJDK 64-Bit Server VM"/>
    <property name="localRepository" value="/home/marcin/.m2/repository"/>
    <property name="java.vendor.url.bug" value="http://bugreport.sun.com/bugreport/"/>
    <property name="java.io.tmpdir" value="/tmp"/>
    <property name="java.version" value="1.8.0_265"/>
    <property name="user.dir" value="/home/marcin/IdeaProjects/HyperLedgerAPI"/>
    <property name="os.arch" value="amd64"/>
    <property name="java.vm.specification.name" value="Java Virtual Machine Specification"/>
    <property name="java.awt.printerjob" value="sun.print.PSPrinterJob"/>
    <property name="sun.os.patch.level" value="unknown"/>
    <property name="java.library.path" value="/usr/java/packages/lib/amd64:/usr/lib/x86_64-linux-gnu/jni:/lib/x86_64-linux-gnu:/usr/lib/x86_64-linux-gnu:/usr/lib/jni:/lib:/usr/lib"/>
    <property name="java.vm.info" value="mixed mode"/>
    <property name="java.vendor" value="Private Build"/>
    <property name="java.vm.version" value="25.265-b01"/>
    <property name="java.ext.dirs" value="/usr/lib/jvm/java-8-openjdk-amd64/jre/lib/ext:/usr/java/packages/lib/ext"/>
    <property name="sun.io.unicode.encoding" value="UnicodeLittle"/>
    <property name="java.class.version" value="52.0"/>
  </properties>
  <testcase name="testFabCar" classname="pl.put.hyperledgerapp.ClientTest" time="0.47">
    <error message="../fabric-samples/test-network/organizations/peerOrganizations/org1.example.com/connection-org1.yaml (No such file or directory)" type="java.io.FileNotFoundException">java.io.FileNotFoundException: ../fabric-samples/test-network/organizations/peerOrganizations/org1.example.com/connection-org1.yaml (No such file or directory)
	at pl.put.hyperledgerapp.ClientTest.testFabCar(ClientTest.java:15)
</error>
    <system-out><![CDATA[An identity for the admin user "admin" already exists in the wallet
An identity for the user "appUser" already exists in the wallet
]]></system-out>
    <system-err><![CDATA[log4j:WARN No appenders could be found for logger (org.hyperledger.fabric_ca.sdk.helper.Config).
log4j:WARN Please initialize the log4j system properly.
log4j:WARN See http://logging.apache.org/log4j/1.2/faq.html#noconfig for more info.
]]></system-err>
  </testcase>
</testsuite>